1.00052 0
1.00043 9.0031e-05
1.00023 0.000210213
1.00014 0.000172951
1.00006 0.000156012
1.00023 0.000207274
1.00005 0.000245758
1.00016 0.000238274
1.00024 0.000223142
1.00022 0.000200081
1.00023 0.000181043
1.0002 0.000166697
1.00017 0.00015783
1.00018 0.000146817
1.00017 0.000137213
1.0002 0.000132147
1.00019 0.000124494
1.00014 0.00012816
1.00011 0.000124246
1.00011 0.000118098
1.0001 0.000112417
1.00012 0.000108588
1.00013 0.000104208
1.00013 9.99504e-05
1.00014 9.59886e-05
1.00013 9.23937e-05
1.00017 9.45454e-05
1.00017 9.14283e-05
1.00016 8.918e-05
1.00016 8.62808e-05
1.00012 8.96259e-05
1.00011 8.83103e-05
1.0001 8.57549e-05
1.00009 8.39269e-05
1.00008 8.18722e-05
1.00008 7.95715e-05
1.00008 7.76076e-05
1.00006 7.86147e-05
1.00006 7.6574e-05
1.00005 7.47344e-05
1.00005 7.28893e-05
1.00006 7.13598e-05
1.00008 7.21749e-05
1.00006 7.15352e-05
1.00008 7.11215e-05
1.00008 6.95661e-05
1.00008 6.80972e-05
1.00007 6.74668e-05
1.00006 6.62013e-05
1.00008 6.6762e-05
1.00008 6.57489e-05
1.00008 6.44797e-05
1.00009 6.40573e-05
1.00009 6.31722e-05
1.0001 6.39209e-05
1.00009 6.34791e-05
1.00009 6.23587e-05
1.00009 6.14163e-05
1.00009 6.03856e-05
1.00008 5.95458e-05
1.00008 5.85646e-05
1.00007 5.90622e-05
1.00007 5.82559e-05
1.00008 5.80879e-05
1.00009 5.77226e-05
1.0001 5.71997e-05
1.00009 5.64358e-05
1.0001 5.56604e-05
1.0001 5.48623e-05
1.00009 5.41696e-05
1.0001 5.34639e-05
1.00009 5.2812e-05
1.0001 5.24064e-05
1.0001 5.16936e-05
1.00009 5.16128e-05
1.00009 5.13077e-05
1.00007 5.22521e-05
1.00008 5.16811e-05
1.00008 5.12641e-05
1.00008 5.06382e-05
1.00007 5.11477e-05
1.00008 5.08202e-05
1.00007 5.0663e-05
1.00008 5.05229e-05
1.00008 4.99641e-05
1.00008 4.96899e-05
1.00009 4.91405e-05
1.00008 4.933e-05
1.00006 5.03264e-05
1.00006 5.07041e-05
1.00006 5.06179e-05
1.00006 5.00986e-05
1.00006 4.95785e-05
1.00006 4.91111e-05
1.00006 4.86506e-05
1.00007 4.82305e-05
1.00007 4.783e-05
1.00006 4.76438e-05
1.00006 4.72674e-05
1.00006 4.69322e-05
