3.13865 0
3.13366 0.00498903
3.13467 0.00305441
3.13671 0.00296711
3.14114 0.0049879
3.14185 0.00413406
3.14136 0.00352817
3.14305 0.0034928
3.14341 0.00310161
3.14378 0.00279822
3.14425 0.00257452
3.14468 0.00238905
3.14396 0.00231263
3.14336 0.00222313
3.14267 0.00218057
3.14243 0.00205338
3.14239 0.00192927
3.14251 0.001823
3.14254 0.00172455
3.14245 0.0016386
3.1421 0.00159658
3.14262 0.00160858
3.1431 0.00160925
3.14341 0.00157267
3.14339 0.00150858
3.14355 0.00145794
3.14318 0.00145022
3.14322 0.00139786
3.14329 0.0013508
3.14372 0.00137397
3.14343 0.00136103
3.1437 0.00134606
3.14391 0.00132192
3.144 0.00128541
3.14401 0.00124817
3.14403 0.00121317
3.14382 0.00119872
3.14388 0.00116836
3.14383 0.00113905
3.14394 0.00111548
3.14396 0.00108812
3.14399 0.00106237
3.14391 0.00104081
3.14422 0.00106524
3.14396 0.0010751
3.14381 0.00106162
3.14369 0.00104584
3.14348 0.00104546
3.14368 0.00104488
3.14369 0.0010238
3.14337 0.00105305
3.14324 0.00104126
3.14291 0.00107264
3.14297 0.00105409
3.14281 0.00104642
3.14265 0.00104069
3.1428 0.00103312
3.14267 0.00102339
3.14277 0.0010114
3.14293 0.00100618
3.14283 0.0009939
3.14291 0.000980475
3.14291 0.000964792
3.14308 0.000964038
3.14309 0.000949203
3.14309 0.00093471
3.14337 0.00096173
3.14342 0.00094868
3.14323 0.000953673
3.14324 0.000940064
3.14341 0.000941029
3.14342 0.00092797
3.14345 0.000915588
3.14361 0.000917277
3.14352 0.000909107
3.14331 0.000922374
3.14327 0.000911156
3.14344 0.000916042
3.14339 0.000905668
3.14322 0.000911234
3.14313 0.000903948
3.14321 0.000896661
3.14329 0.000888606
3.14321 0.00088138
3.14317 0.00087169
3.14312 0.000862985
3.14327 0.000866388
3.14329 0.000856658
3.14333 0.000847858
3.14351 0.000858078
3.14351 0.000848602
3.14351 0.00083933
3.14367 0.000845415
3.14373 0.000838885
3.14371 0.000830378
3.14382 0.000829964
3.14393 0.000828485
3.14406 0.000829978
3.14396 0.000827241
3.14417 0.000844068
