-0.0722083   0.202272   0.403704
0.319631   0.396485   -0.255705
-0.370491   -0.432208   0.346879
0.359527   0.452674   0.409784
0.0642315   0.276662   -0.441154
0.132813   0.415614   -0.143066
-0.118212   0.0799614   0.0996388
0.185139   0.464417   -0.416159
0.0843216   0.382293   0.00337483
-0.487959   -0.453227   -0.458566
0.340178   -0.369767   -0.241271
-0.00125755   0.313811   0.23616
0.117657   -0.366684   -0.416429
-0.419993   -0.149298   -0.232766
-0.0480776   -0.174264   0.25035
-0.448908   -0.0519631   0.154897
0.485812   0.0377076   -0.0103658
0.138228   0.266777   -0.378264
-0.411183   -0.291193   0.362992
0.313317   -0.144042   -0.489649
-0.408134   -0.460371   -0.0461734
0.140435   -0.407473   -0.147904
0.049282   0.416469   0.260033
0.0416295   0.0129268   -0.360355
0.0239968   -0.157886   0.318844
-0.287619   -0.264168   0.0876547
0.119982   0.0535378   -0.175114
0.170138   -0.0276981   -0.247725
-0.368358   -0.073001   -0.0947943
0.418401   0.0421893   -0.0609135
0.374102   -0.316411   -0.480811
0.136993   -0.0762142   -0.449866
-0.0659171   0.0308883   -0.467249
0.4856   0.167653   -0.358961
0.329286   0.0990685   0.235755
-0.029474   -0.19677   -0.336155
-0.47242   0.313503   -0.0849314
0.216757   0.146383   -0.286728
-0.247402   -0.358622   -0.332322
0.13741   -0.268306   -0.304453
0.0930344   -0.462811   0.357176
0.49941   -0.389413   -0.316541
-0.309917   0.0473623   0.0945256
0.356189   0.0961448   0.0505318
0.417507   -0.166573   -0.498173
0.0120399   0.104075   0.0228741
0.129456   0.0213567   -0.0897203
-0.0594858   -0.352632   0.113696
-0.109704   -0.000113912   0.464605
-0.432431   0.0870299   -0.311872
0.447687   -0.288528   -0.440386
0.291196   0.0293975   -0.185474
-0.234539   0.482424   -0.375161
-0.176299   -0.44462   0.389939
-0.032499   -0.355847   0.473012
0.159827   -0.432642   0.23145
-0.0544943   -0.11137   -0.00999348
0.192623   -0.279287   0.294197
0.0501064   0.00566023   0.499853
-0.0768893   0.315754   -0.22612
-0.166447   -0.0313155   -0.456083
0.0565197   -0.326206   -0.0714704
0.497258   0.257619   0.0386044
-0.355464   0.120956   -0.372796
0.272412   -0.402997   -0.405935
-0.361726   -0.00642024   0.348352
-0.087638   0.00463176   -0.214777
-0.197396   -0.485534   0.119078
0.0481875   -0.41631   -0.152066
-0.443048   -0.243079   -0.318062
-0.166022   -0.479181   0.200018
0.0576633   0.0145369   -0.132093
0.2645   -0.276467   -0.280008
-0.24613   -0.0160787   0.0439768
-0.0598699   0.126317   -0.412501
0.099343   0.0569541   0.012393
0.263014   0.462434   -0.0843985
0.428665   -0.0631455   -0.458453
0.0275512   -0.000517403   -0.0266512
-0.317155   0.0326501   0.176738
0.220268   -0.0260568   -0.159082
0.224828   -0.478737   0.44991
0.32568   0.0514216   -0.124906
-0.482166   -0.172764   0.210637
0.117869   0.00440675   -0.317295
0.468913   0.0910619   0.0797305
-0.366236   0.469705   -0.278894
-0.208232   -0.140775   0.301602
-0.228958   0.244323   0.26789
-0.229497   -0.117099   -0.181465
-0.449467   0.454155   0.314235
0.0274102   -0.0320849   0.192288
0.291736   0.231633   -0.0432106
-0.120854   0.32793   0.256381
0.0946321   -0.0664627   0.457633
0.0436221   0.0921845   -0.395078
-0.163764   -0.0287702   -0.248695
0.0200409   -0.0569864   -0.0989441
-0.0296619   0.0312162   0.126131
-0.000834552   0.239036   0.267256
0.330516   0.286633   0.0681839
0.422086   -0.209039   -0.206022
0.431198   -0.12598   0.344366
-0.334999   -0.432031   -0.43871
0.0460147   0.0695224   -0.0607937
-0.152078   0.322487   0.341323
0.275492   0.250218   0.137044
-0.27785   -0.0450911   0.193986
