-0.690533   0.682412   -1.28021
-0.36057   -1.40234   1.87387
1.75386   0.252318   -1.29155
2.60049   -0.345572   -0.633945
1.08055   0.437978   1.07968
-0.250986   -1.37558   -0.629633
-1.95283   -1.62068   -1.75444
-0.173076   -1.14033   0.122367
1.08935   -0.825938   0.481043
0.731577   2.22987   2.13962
0.488831   1.07987   -0.37654
0.051298   0.832556   -0.765564
-0.931154   -1.08554   -0.0177672
-0.623249   1.6448   1.33818
-0.105958   -1.2784   0.481662
-1.06898   0.808197   1.18721
-0.883914   1.00996   0.392533
-0.372734   -1.3438   -0.590572
-0.0837096   -0.626032   -2.41539
0.596761   -1.33852   0.0183124
0.558084   1.0717   1.25901
0.0699428   -0.237264   0.216168
-0.781487   -2.08167   -0.144203
0.878772   0.637138   -0.835389
0.352108   1.32362   -0.553282
1.16383   -0.727801   -0.0583915
0.164314   0.722435   -0.383863
-0.0698623   -2.29406   0.811996
-0.909861   0.449221   0.551595
-0.135486   0.27327   1.1566
0.273929   -0.633346   0.84398
0.535444   0.592637   -0.332648
-0.645221   -1.53163   1.05459
-0.0368859   0.884052   -1.16738
-1.07226   0.561907   0.952188
-0.0617611   1.09798   -0.123033
1.33402   -0.529057   -0.117858
0.410648   0.281148   0.696198
-2.3351   -1.25549   1.00436
-0.538073   0.604324   0.687665
-1.24172   -0.216931   -0.774352
-1.51101   -0.081869   -1.31928
-0.966318   -1.07586   -0.106915
1.41899   2.38501   -0.458783
0.59383   -0.992799   0.042752
1.02388   -1.25093   -0.54037
-1.87803   1.98483   -1.00679
1.4984   -0.346473   0.965548
1.55103   0.480525   -0.839202
-0.630876   0.933746   -0.463331
-0.735114   -1.40859   1.76891
1.19461   -0.681143   -0.151599
1.13185   1.69447   2.25064
0.752398   0.764665   1.68518
0.334016   0.155723   0.259428
0.413454   -0.498686   -1.61538
-0.352255   -0.189372   0.474433
-0.627844   -0.399079   -2.83958
0.339984   -0.744587   0.196701
1.34383   -0.498367   -1.85587
0.247454   0.261302   -2.31548
-0.346187   0.321196   -0.871731
-0.0824604   1.67962   0.758233
1.1091   0.0467444   1.6722
-0.547401   -1.97746   -0.228568
-1.35824   -2.0975   -1.71849
-0.50657   0.23692   0.374938
1.53742   0.835464   -2.26246
-1.82391   -0.676782   -0.113682
0.951714   -0.257326   -0.850945
-0.160471   -0.0827613   -2.15308
-0.602738   0.192018   1.27648
0.118218   -0.944452   1.17063
-0.213976   0.500083   -2.08357
-0.600927   0.0359575   0.674166
-2.03168   0.0225529   -0.30476
-1.20088   -1.08928   1.10653
0.63949   -0.0323899   -1.13376
0.612144   -0.45438   0.492803
1.09264   -0.283561   0.0226038
2.69779   0.890573   0.0242922
-2.63333   -1.53022   2.07007
-0.595794   2.01421   0.483097
0.245327   1.33384   -1.18544
0.616622   -1.21629   1.31098
-1.00656   0.910885   0.791505
0.958039   1.64192   0.446998
-1.40748   0.532677   -0.363355
1.56798   0.272247   -0.268956
-1.51895   -0.412076   -0.739715
0.955066   1.01151   0.487033
1.75777   2.86545   0.266636
0.497725   -1.10068   -0.437382
-1.32753   0.794595   1.07331
-0.972398   -2.5128   1.63732
-2.17263   -0.136129   -0.0802163
-0.598504   -0.590366   -1.48993
1.30654   1.55854   2.70207
1.37468   2.4111   0.942462
0.759533   0.631222   0.0905804
0.473884   0.159364   -1.13257
0.809803   1.03392   -1.68006
0.018461   0.158443   1.16668
-1.45641   0.105649   -0.316634
-1.78229   -0.0621368   0.139719
0.0975837   -0.798992   -1.02067
1.02519   -1.31139   0.793437
-0.226073   -0.709668   0.227356
