           1    -7.55438    -7.55438           0
           2    -7.54632    -7.55035  0.00284982
           3    -7.54743    -7.54937  0.00205852
           4    -7.54691    -7.54876  0.00163326
           5    -7.52755    -7.54452  0.00401347
           6    -7.53845    -7.54351   0.0034696
           7    -7.55182    -7.54469  0.00317078
           8    -7.54606    -7.54486    0.002779
           9    -7.55759    -7.54628  0.00280691
          10    -7.55129    -7.54678  0.00257061
          11      -7.557    -7.54771  0.00249927
          12    -7.54064    -7.54712  0.00235946
          13    -7.53434    -7.54614  0.00237399
          14    -7.55438    -7.54672   0.0022763
          15    -7.54484     -7.5466  0.00212802
          16    -7.52733    -7.54539   0.0023108
          17    -7.54109    -7.54514  0.00218872
          18    -7.53911    -7.54481  0.00209265
          19    -7.54481    -7.54481  0.00198251
          20     -7.5409    -7.54461  0.00189296
           1    -5.45476    -5.45476           0
           2     -5.4804    -5.46758  0.00906613
           3    -5.46651    -5.46722  0.00605111
           4    -5.43859    -5.46006   0.0076838
           5    -5.44959    -5.45797   0.0064264
           6    -5.45852    -5.45806  0.00535598
           7     -5.4829    -5.46161  0.00564544
           8    -5.47161    -5.46286  0.00507618
           9    -5.47487    -5.46419  0.00468428
          10    -5.47107    -5.46488  0.00426608
          11    -5.47005    -5.46535  0.00390406
          12    -5.46954     -5.4657   0.0035943
          13    -5.45626    -5.46497  0.00339033
          14    -5.45556     -5.4643  0.00321421
          15    -5.46557    -5.46439  0.00300104
          16    -5.48335    -5.46557  0.00303847
          17    -5.46206    -5.46536  0.00286677
          18    -5.46824    -5.46552  0.00271197
          19    -5.45437    -5.46494  0.00263195
          20    -5.45216     -5.4643  0.00257669
           1   -0.415779   -0.415779           0
           2   -0.414387   -0.415083  0.00049211
           3   -0.411903   -0.414023 0.000925701
           4   -0.414216   -0.414071 0.000695531
           5   -0.414236   -0.414104 0.000557199
           6   -0.414129   -0.414108 0.000464348
           7   -0.413521   -0.414024 0.000405518
           8    -0.41234   -0.413814 0.000405818
           9    -0.41257   -0.413676 0.000383538
          10   -0.414704   -0.413779 0.000358703
          11   -0.414454    -0.41384 0.000331302
          12   -0.416992   -0.414103 0.000394297
          13   -0.414388   -0.414125 0.000364577
          14   -0.415029   -0.414189 0.000344208
          15   -0.414093   -0.414183  0.00032132
          16   -0.417073   -0.414363 0.000348348
          17   -0.415596   -0.414436 0.000335313
          18   -0.414263   -0.414426 0.000316822
          19   -0.413537   -0.414379 0.000303585
          20    -0.41428   -0.414375 0.000288446
