           1     7.55077     7.55077           0
           2     7.59436     7.57257   0.0154108
           3     7.59299     7.57937   0.0116811
           4     7.58773     7.58146  0.00894547
           5     7.69639     7.60445   0.0217694
           6     7.63958      7.6103   0.0189122
           7     7.56361     7.60363    0.017347
           8     7.59649     7.60274   0.0152016
           9     7.53158     7.59483   0.0154323
          10     7.56551      7.5919    0.014165
          11     7.53628     7.58684   0.0137503
          12     7.62899     7.59036   0.0130453
          13      7.6569     7.59548   0.0130074
          14     7.55152     7.59234   0.0124514
          15     7.60627     7.59326   0.0116559
          16      7.6956     7.59966   0.0125604
          17     7.61871     7.60078   0.0118714
          18     7.63741     7.60282    0.011385
          19     7.60477     7.60292   0.0107863
          20     7.62132     7.60384   0.0102861
           1     1.44683     1.44683           0
           2     1.32128     1.38405   0.0443879
           3     1.42547     1.39786   0.0316661
           4     1.53079     1.43109   0.0373144
           5     1.44719     1.43431     0.02999
           6     1.42346      1.4325   0.0250462
           7     1.32002     1.41643   0.0261192
           8     1.36837     1.41042    0.023535
           9     1.35964     1.40478   0.0215859
          10     1.39726     1.40403   0.0194404
          11      1.3374     1.39797   0.0185928
          12     1.37106     1.39573   0.0171781
          13     1.43941     1.39909    0.016182
          14     1.45479     1.40307   0.0155075
          15     1.41413     1.40381   0.0144912
          16     1.30551     1.39766   0.0148306
          17     1.40247     1.39795   0.0139609
          18     1.33732     1.39458   0.0135856
          19     1.40402     1.39507   0.0128796
          20     1.45386     1.39801   0.0125666
           1   0.0487411   0.0487411           0
           2    0.048847   0.0487941 3.74185e-05
           3   0.0491745   0.0489209 0.000106497
           4   0.0490979   0.0489651 8.85905e-05
           5     0.04909   0.0489901 7.43082e-05
           6   0.0487793    0.048955 6.97364e-05
           7    0.049109    0.048977 6.31517e-05
           8   0.0488977   0.0489671 5.60295e-05
           9   0.0489815   0.0489687 4.98271e-05
          10   0.0490776   0.0489796 4.60201e-05
          11   0.0488754   0.0489701 4.27988e-05
          12   0.0489472   0.0489682 3.92746e-05
          13    0.049047   0.0489743 3.67182e-05
          14   0.0489774   0.0489745 3.40962e-05
          15   0.0489325   0.0489717 3.19377e-05
          16   0.0489971   0.0489733 2.99812e-05
          17   0.0489441   0.0489716 2.82665e-05
          18   0.0490304   0.0489748 2.68845e-05
          19   0.0490397   0.0489782 2.56853e-05
          20    0.048934    0.048976 2.44959e-05
