           1    -7.52592    -7.52592           0
           2    -7.52188     -7.5239  0.00142919
           3    -7.53126    -7.52635  0.00221917
           4    -7.52248    -7.52539  0.00186359
           5    -7.51953    -7.52422  0.00182197
           6    -7.51964    -7.52345     0.00167
           7    -7.51917    -7.52284  0.00153966
           8    -7.52318    -7.52288   0.0013478
           9     -7.5206    -7.52263  0.00122175
          10    -7.51765    -7.52213   0.0011967
          11    -7.52377    -7.52228  0.00109717
          12    -7.52397    -7.52242  0.00101471
          13    -7.52589    -7.52269 0.000971114
          14    -7.51865     -7.5224 0.000943591
          15    -7.52749    -7.52274 0.000939774
          16    -7.52416    -7.52283 0.000885192
          17    -7.51882    -7.52259 0.000863964
          18    -7.52131    -7.52252 0.000818898
          19    -7.52852    -7.52284 0.000834507
          20    -7.51701    -7.52255 0.000842055
           1    -5.46843    -5.46843           0
           2    -5.45988    -5.46415  0.00302055
           3    -5.42904    -5.45245  0.00976637
           4    -5.44054    -5.44947  0.00776548
           5    -5.46984    -5.45355  0.00720168
           6    -5.48108    -5.45813  0.00731851
           7    -5.46038    -5.45845  0.00628001
           8    -5.47983    -5.46113   0.0060368
           9     -5.4462    -5.45947  0.00558917
          10    -5.44997    -5.45852  0.00511038
          11    -5.46264    -5.45889  0.00465951
          12     -5.4395    -5.45728  0.00454292
          13    -5.49931    -5.46051   0.0052189
          14    -5.44052    -5.45908  0.00503765
          15    -5.46485    -5.45947  0.00471645
          16    -5.47133    -5.46021  0.00447959
          17    -5.45841     -5.4601  0.00421733
          18     -5.4764    -5.46101  0.00407902
          19    -5.45349    -5.46061   0.0038835
          20    -5.45747    -5.46045  0.00369249
           1   -0.461364   -0.461364           0
           2   -0.486011   -0.473688  0.00871402
           3   -0.479509   -0.475628  0.00602152
           4   -0.452109   -0.469748   0.0068062
           5   -0.502081   -0.476215  0.00794356
           6   -0.421048    -0.46702   0.0106896
           7   -0.395696   -0.456831   0.0131507
           8   -0.406762   -0.450573   0.0129105
           9    -0.43404   -0.448736   0.0116059
          10   -0.420896   -0.445952   0.0107741
          11   -0.399926   -0.441767   0.0105759
          12   -0.418239   -0.439807  0.00987468
          13   -0.387407   -0.435776  0.00990365
          14   -0.398689   -0.433127  0.00954396
          15   -0.418944   -0.432181  0.00895442
          16   -0.472019   -0.434671  0.00873407
          17   -0.406207   -0.432997  0.00837925
          18   -0.392138   -0.430727  0.00821544
          19   -0.354205   -0.426699   0.0087145
          20   -0.390222   -0.424876  0.00846748
