           1     7.71858     7.71858           0
           2      7.7403     7.72944  0.00768106
           3     7.68396     7.71428   0.0133955
           4     7.72491     7.71694    0.010307
           5     7.74759     7.72307   0.0099026
           6     7.74121     7.72609  0.00870148
           7     7.74222      7.7284  0.00775757
           8     7.71425     7.72663  0.00698646
           9     7.73657     7.72773  0.00629691
          10      7.7461     7.72957  0.00592901
          11     7.72245     7.72892  0.00542525
          12     7.70256     7.72673  0.00539962
          13     7.70491     7.72505  0.00523852
          14     7.72478     7.72503  0.00486438
          15     7.68207     7.72217  0.00531685
          16      7.7157     7.72176  0.00499985
          17     7.74689     7.72324  0.00491934
          18      7.7346     7.72387  0.00468633
          19     7.70549      7.7229  0.00453845
          20     7.73762     7.72364  0.00437081
           1     1.41132     1.41132           0
           2     1.41561     1.41346  0.00151728
           3     1.46783     1.43158   0.0148309
           4     1.49731     1.44802   0.0180615
           5     1.29636     1.41768   0.0307369
           6     1.32843     1.40281   0.0289913
           7     1.39139     1.40118   0.0248955
           8     1.26105     1.38366   0.0272576
           9     1.51518     1.39827   0.0278724
          10     1.45056      1.4035   0.0255708
          11     1.40991     1.40409   0.0232528
          12     1.42366     1.40572   0.0213722
          13     1.29039     1.39685   0.0214906
          14     1.54688     1.40756   0.0224694
          15     1.39632     1.40681    0.020984
          16     1.33679     1.40244   0.0201236
          17     1.51605     1.40912   0.0200188
          18     1.33227     1.40485   0.0193567
          19     1.38238     1.40367    0.018374
          20     1.46389     1.40668   0.0177003
           1   0.0491142   0.0491142           0
           2   0.0491619    0.049138  1.6849e-05
           3   0.0487002   0.0489921 0.000119698
           4   0.0482151   0.0487978 0.000190674
           5   0.0514066   0.0493196 0.000490966
           6   0.0501054   0.0494506  0.00042625
           7   0.0486009   0.0493292  0.00038225
           8   0.0491462   0.0493063 0.000335153
           9   0.0492392   0.0492989 0.000297996
          10   0.0487337   0.0492423 0.000273502
          11   0.0481451   0.0491426 0.000266209
          12   0.0479444   0.0490427 0.000262081
          13   0.0484921   0.0490004  0.00024532
          14   0.0491897   0.0490139 0.000228169
          15   0.0496767   0.0490581 0.000217194
          16   0.0494353   0.0490817 0.000204895
          17   0.0491253   0.0490842 0.000192858
          18   0.0484853    0.049051 0.000184992
          19   0.0484227   0.0490179 0.000178186
          20    0.048815   0.0490078 0.000169565
