1  -0.438843  -0.438843  0
2  -0.435385  -0.437114  0.0012224
3  -0.41704  -0.430423  0.00552387
4  -0.429543  -0.430203  0.00414728
5  -0.447407  -0.433644  0.00452542
6  -0.446209  -0.435738  0.00422805
7  -0.462611  -0.439577  0.00507604
8  -0.430239  -0.43841  0.00457377
9  -0.443281  -0.438951  0.00409748
10  -0.430416  -0.438097  0.00377557
11  -0.414896  -0.435988  0.00397808
12  -0.433501  -0.435781  0.00365197
13  -0.438164  -0.435964  0.00337565
14  -0.455099  -0.437331  0.00339998
15  -0.443202  -0.437722  0.00319576
16  -0.437456  -0.437706  0.00299607
17  -0.456541  -0.438814  0.00301774
18  -0.418868  -0.437706  0.00304674
19  -0.399657  -0.435703  0.00348287
20  -0.449027  -0.436369  0.00337184
21  -0.429622  -0.436048  0.00322655
22  -0.440797  -0.436264  0.0030871
23  -0.452605  -0.436974  0.00303353
24  -0.449656  -0.437503  0.00295279
25  -0.453545  -0.438144  0.00290357
26  -0.444601  -0.438393  0.00280249
27  -0.444958  -0.438636  0.00270923
28  -0.442619  -0.438778  0.0026162
29  -0.437803  -0.438745  0.0025262
30  -0.45058  -0.439139  0.00247261
31  -0.438447  -0.439117  0.00239295
32  -0.434874  -0.438984  0.00232184
33  -0.439195  -0.438991  0.00225149
34  -0.439041  -0.438992  0.00218527
35  -0.454646  -0.439439  0.00216812
36  -0.436445  -0.439356  0.00210949
37  -0.461596  -0.439957  0.0021364
38  -0.420748  -0.439452  0.00213915
39  -0.440886  -0.439488  0.00208462
40  -0.446671  -0.439668  0.00204022
41  -0.458869  -0.440136  0.0020435
42  -0.431772  -0.439937  0.00200453
43  -0.402812  -0.439074  0.00213577
44  -0.438096  -0.439052  0.00208734
45  -0.441689  -0.43911  0.00204178
46  -0.432248  -0.438961  0.00200284
47  -0.445684  -0.439104  0.00196532
48  -0.446977  -0.439268  0.00193121
49  -0.444048  -0.439366  0.00189426
50  -0.455313  -0.439685  0.00188304
51  -0.420715  -0.439313  0.00188249
52  -0.443736  -0.439398  0.00184821
53  -0.444284  -0.43949  0.00181564
54  -0.434316  -0.439394  0.00178454
55  -0.432606  -0.439271  0.00175636
56  -0.455461  -0.43956  0.00174863
57  -0.446457  -0.439681  0.00172213
58  -0.427646  -0.439473  0.00170489
59  -0.420188  -0.439146  0.00170705
60  -0.426453  -0.438935  0.00169165
61  -0.438296  -0.438924  0.00166395
62  -0.44774  -0.439067  0.00164318
63  -0.436229  -0.439022  0.00161771
64  -0.451573  -0.439218  0.00160428
65  -0.420884  -0.438936  0.0016042
66  -0.437516  -0.438914  0.00158004
67  -0.436072  -0.438872  0.00155703
68  -0.439626  -0.438883  0.00153417
69  -0.379988  -0.438029  0.00173318
70  -0.451641  -0.438224  0.0017193
71  -0.440938  -0.438262  0.00169551
72  -0.44627  -0.438373  0.0016756
73  -0.453567  -0.438581  0.00166553
74  -0.461037  -0.438885  0.00167044
75  -0.452639  -0.439068  0.0016582
76  -0.442394  -0.439112  0.00163696
77  -0.445277  -0.439192  0.00161766
78  -0.457604  -0.439428  0.00161405
79  -0.457549  -0.439657  0.00160983
80  -0.453405  -0.439829  0.00159886
81  -0.446918  -0.439917  0.00158151
82  -0.446148  -0.439993  0.00156405
83  -0.424873  -0.439811  0.00155578
84  -0.441552  -0.439831  0.00153739
85  -0.441812  -0.439855  0.00151948
86  -0.456215  -0.440045  0.00151368
87  -0.452321  -0.440186  0.00150284
88  -0.434284  -0.440119  0.00148726
89  -0.443856  -0.440161  0.00147114
90  -0.437  -0.440126  0.00145521
91  -0.454001  -0.440278  0.00144719
92  -0.451051  -0.440395  0.00143619
93  -0.442767  -0.440421  0.00142097
94  -0.442663  -0.440445  0.00140605
95  -0.43714  -0.44041  0.00139168
96  -0.441345  -0.44042  0.00137722
97  -0.451095  -0.44053  0.00136741
98  -0.434987  -0.440473  0.00135463
99  -0.411734  -0.440183  0.0013717
100  -0.444706  -0.440228  0.00135873
