         0.1           1   -0.114626  0.00268957
       0.095           2  -0.0913114  0.00338095
     0.09025           3   -0.170965  0.00244423
   0.0857375           4   -0.165056  0.00277686
   0.0814506           5   -0.162824  0.00301332
   0.0773781           6   -0.268545  0.00296526
   0.0735092           7   -0.265297  0.00292069
   0.0698337           8   -0.264782  0.00273155
    0.066342           9    -0.27278  0.00246573
   0.0630249          10   -0.255079  0.00232151
   0.0598737          11   -0.252879  0.00238777
     0.05688          12   -0.163605  0.00279115
    0.054036          13   -0.283834  0.00208654
   0.0513342          14   -0.284588   0.0019546
   0.0487675          15   -0.389514  0.00174176
   0.0463291          16   -0.388328  0.00166137
   0.0440127          17   -0.432049  0.00121729
    0.041812          18   -0.426881  0.00161466
   0.0397214          19   -0.439999   0.0012201
   0.0377354          20   -0.425691  0.00119404
   0.0358486          21   -0.443413   0.0012392
   0.0340562          22   -0.439449  0.00123914
   0.0323534          23   -0.442772 0.000939608
   0.0307357          24   -0.440909  0.00131534
   0.0291989          25   -0.438168  0.00101566
    0.027739          26   -0.441009 0.000990058
    0.026352          27   -0.425614  0.00115513
   0.0250344          28   -0.442517    0.001001
   0.0237827          29   -0.440661  0.00134094
   0.0225936          30   -0.439348  0.00148838
   0.0214639          31   -0.429316  0.00104376
   0.0203907          32     -0.4453  0.00117984
   0.0193711          33   -0.443894  0.00105617
   0.0184026          34    -0.44434 0.000888543
   0.0174825          35   -0.443777  0.00109639
   0.0166083          36   -0.431034  0.00107179
   0.0157779          37   -0.442639  0.00135956
    0.014989          38   -0.424109  0.00126661
   0.0142396          39   -0.424761  0.00138403
   0.0135276          40   -0.427206  0.00139238
   0.0128512          41   -0.427749  0.00125544
   0.0122087          42   -0.431325  0.00188554
   0.0115982          43   -0.430136  0.00184242
   0.0110183          44   -0.434313  0.00209085
   0.0104674          45   -0.428847  0.00176441
  0.00994403          46   -0.432242  0.00214913
  0.00944682          47   -0.440398  0.00115673
  0.00897448          48   -0.442549  0.00116066
  0.00852576          49   -0.439604  0.00146602
  0.00809947          50   -0.440125  0.00106583
   0.0076945          51    -0.44269  0.00109199
  0.00730977          52   -0.443111  0.00131966
  0.00694428          53   -0.442851  0.00132098
  0.00659707          54   -0.442841  0.00088178
  0.00626722          55   -0.442515  0.00101662
  0.00595386          56   -0.442211 0.000944209
  0.00565616          57   -0.440459  0.00100703
  0.00537335          58   -0.433878  0.00132618
  0.00510469          59   -0.435271  0.00100445
  0.00484945          60    -0.43283  0.00123391
  0.00460698          61   -0.439528  0.00126678
  0.00437663          62   -0.439062  0.00117285
   0.0041578          63   -0.439983  0.00124569
  0.00394991          64   -0.443117  0.00129804
  0.00375241          65     -0.4427  0.00108086
  0.00356479          66   -0.432614  0.00124995
  0.00338655          67   -0.430729 0.000966192
  0.00321723          68   -0.429473 0.000993537
  0.00305636          69   -0.430407  0.00116779
  0.00290355          70   -0.430363  0.00115569
  0.00275837          71   -0.439719  0.00118802
  0.00262045          72   -0.441818  0.00117423
  0.00248943          73   -0.441056  0.00130024
  0.00236496          74   -0.439738  0.00107737
  0.00224671          75   -0.442345  0.00124842
  0.00213437          76   -0.442929  0.00160008
  0.00202765          77   -0.443193  0.00132516
  0.00192627          78   -0.443971  0.00108281
  0.00182996          79   -0.443095  0.00118935
  0.00173846          80   -0.442473  0.00118783
  0.00165154          81   -0.442535  0.00132755
  0.00156896          82   -0.441322  0.00125098
  0.00149051          83   -0.441714  0.00109206
  0.00141599          84       -0.44  0.00126756
  0.00134519          85   -0.442978     0.00114
  0.00127793          86   -0.438956  0.00136067
  0.00121403          87   -0.439965  0.00100383
  0.00115333          88   -0.439309  0.00103964
  0.00109566          89    -0.44248  0.00101108
  0.00104088          90    -0.44081   0.0012383
 0.000988836          91   -0.441094 0.000870974
 0.000939395          92   -0.440799  0.00111736
 0.000892425          93   -0.444606 0.000882461
 0.000847804          94   -0.441967  0.00109963
 0.000805413          95   -0.445082  0.00104467
 0.000765143          96   -0.444074   0.0010333
 0.000726886          97    -0.44412  0.00104123
 0.000690541          98   -0.443973  0.00100278
 0.000656014          99   -0.443255  0.00107852
 0.000623214         100   -0.445268 0.000891836
 0.000592053         101   -0.442809  0.00101182
  0.00056245         102   -0.443841 0.000975315
 0.000534328         103    -0.44396  0.00085914
 0.000507611         104   -0.443595 0.000972296
 0.000482231         105   -0.445173  0.00104006
 0.000458119         106   -0.443563  0.00101587
 0.000435213         107   -0.441058  0.00125915
 0.000413453         108   -0.443986  0.00105324
  0.00039278         109   -0.443291  0.00127479
 0.000373141         110   -0.443837  0.00110721
 0.000354484         111   -0.443497  0.00124983
  0.00033676         112   -0.443704  0.00110069
 0.000319922         113   -0.444447  0.00110051
 0.000303926         114   -0.443168  0.00127249
 0.000288729         115   -0.441928  0.00120043
 0.000274293         116    -0.44248   0.0012877
 0.000260578         117   -0.442895   0.0011079
 0.000247549         118   -0.445347  0.00106156
 0.000235172         119   -0.444004  0.00126221
 0.000223413         120   -0.445413  0.00104222
 0.000212243         121   -0.442165  0.00112388
 0.000201631         122   -0.444674  0.00106982
 0.000191549         123   -0.443134  0.00125365
 0.000181972         124   -0.443603  0.00122615
 0.000172873         125   -0.443502  0.00107966
 0.000164229         126   -0.445001  0.00127119
 0.000156018         127   -0.442537  0.00119558
 0.000148217         128   -0.442624  0.00149125
 0.000140806         129   -0.441107  0.00137646
 0.000133766         130   -0.442071  0.00128853
 0.000127078         131    -0.44089  0.00157415
 0.000120724         132   -0.444288  0.00113068
 0.000114687         133   -0.444701  0.00110974
 0.000108953         134   -0.442629  0.00139095
 0.000103505         135   -0.442289     0.00142
 9.83302e-05         136   -0.445088  0.00128515
 9.34136e-05         137   -0.441995  0.00150688
  8.8743e-05         138   -0.445979  0.00114111
 8.43058e-05         139   -0.444969  0.00119405
 8.00905e-05         140   -0.443125  0.00153828
  7.6086e-05         141   -0.445989  0.00117304
 7.22817e-05         142   -0.442733  0.00124481
 6.86676e-05         143   -0.443701  0.00142776
 6.52342e-05         144   -0.444172  0.00112868
 6.19725e-05         145   -0.442577  0.00139352
 5.88739e-05         146   -0.442739  0.00150833
 5.59302e-05         147   -0.439404  0.00135757
 5.31337e-05         148   -0.443864  0.00119838
  5.0477e-05         149   -0.442593  0.00132929
 4.79532e-05         150   -0.441072   0.0011014
 4.55555e-05         151   -0.441806  0.00101069
 4.32777e-05         152   -0.438145  0.00115547
 4.11138e-05         153   -0.441404 0.000818634
 3.90581e-05         154   -0.441823 0.000894501
 3.71052e-05         155   -0.440403  0.00134642
   3.525e-05         156    -0.44109   0.0017732
 3.34875e-05         157   -0.442912   0.0012812
 3.18131e-05         158    -0.44301  0.00115207
 3.02224e-05         159   -0.445021  0.00114428
 2.87113e-05         160   -0.444216  0.00127693
 2.72758e-05         161   -0.444076  0.00114969
  2.5912e-05         162   -0.445598  0.00134315
 2.46164e-05         163   -0.443368  0.00117839
 2.33856e-05         164   -0.443291  0.00119556
 2.22163e-05         165   -0.445428  0.00126184
 2.11055e-05         166   -0.443084  0.00137168
 2.00502e-05         167   -0.443532  0.00115332
 1.90477e-05         168   -0.444462  0.00115097
 1.80953e-05         169   -0.444892  0.00100783
 1.71905e-05         170   -0.445241 0.000940083
  1.6331e-05         171   -0.445021  0.00109373
 1.55145e-05         172   -0.444194  0.00117773
 1.47387e-05         173   -0.446654  0.00117296
 1.40018e-05         174   -0.445216  0.00102652
 1.33017e-05         175   -0.443149  0.00119592
 1.26366e-05         176   -0.442851  0.00118474
 1.20048e-05         177   -0.446002  0.00100098
 1.14045e-05         178   -0.445478  0.00107497
 1.08343e-05         179   -0.443986  0.00101934
 1.02926e-05         180   -0.443315  0.00114109
 9.77798e-06         181   -0.443994  0.00110541
 9.28908e-06         182   -0.444332  0.00110389
 8.82462e-06         183   -0.443116  0.00118777
 8.38339e-06         184   -0.445259  0.00100095
 7.96422e-06         185   -0.445948  0.00104184
 7.56601e-06         186   -0.445369  0.00104021
 7.18771e-06         187   -0.444464   0.0011278
 6.82833e-06         188   -0.445633   0.0011452
 6.48691e-06         189   -0.443414  0.00122083
 6.16256e-06         190    -0.44367 0.000984139
 5.85444e-06         191   -0.445482  0.00128346
 5.56171e-06         192   -0.444911  0.00121504
 5.28363e-06         193   -0.446018  0.00104693
 5.01945e-06         194   -0.443315  0.00124694
 4.76847e-06         195    -0.44436  0.00132047
 4.53005e-06         196   -0.443639  0.00121865
 4.30355e-06         197   -0.445347  0.00119204
 4.08837e-06         198   -0.444979  0.00108935
 3.88395e-06         199   -0.446129  0.00112692
 3.68975e-06         200   -0.445787 0.000995875
 3.50527e-06         201   -0.445443  0.00100481
    3.33e-06         202    -0.44545  0.00151479
  3.1635e-06         203   -0.444135 0.000971005
 3.00533e-06         204   -0.443889 0.000995294
 2.85506e-06         205   -0.442086  0.00106001
 2.71231e-06         206   -0.443108  0.00103285
 2.57669e-06         207    -0.44362  0.00102282
 2.44786e-06         208   -0.442803  0.00106241
 2.32547e-06         209   -0.441482  0.00120068
 2.20919e-06         210    -0.44277  0.00101037
 2.09873e-06         211   -0.443258  0.00108768
  1.9938e-06         212    -0.44294   0.0010433
 1.89411e-06         213   -0.442939 0.000906617
  1.7994e-06         214   -0.442828  0.00121301
 1.70943e-06         215   -0.440638  0.00129306
 1.62396e-06         216   -0.441495 0.000909531
 1.54276e-06         217   -0.445255  0.00093619
 1.46562e-06         218    -0.44244 0.000993121
 1.39234e-06         219   -0.443267 0.000968271
 1.32272e-06         220   -0.443078   0.0010448
 1.25659e-06         221   -0.442425 0.000979481
 1.19376e-06         222    -0.44155  0.00108698
 1.13407e-06         223    -0.44221  0.00102489
 1.07737e-06         224   -0.440855   0.0011554
  1.0235e-06         225   -0.442126  0.00111613
 9.72324e-07         226   -0.445065  0.00110849
 9.23708e-07         227   -0.443995  0.00108485
 8.77523e-07         228   -0.439548  0.00150583
 8.33647e-07         229   -0.443269  0.00115492
 7.91964e-07         230   -0.443414  0.00101731
 7.52366e-07         231   -0.442738  0.00114668
 7.14748e-07         232   -0.442836 0.000974097
  6.7901e-07         233   -0.442584  0.00124249
  6.4506e-07         234   -0.440952  0.00121091
 6.12807e-07         235     -0.4421  0.00102129
 5.82167e-07         236   -0.441187  0.00115276
 5.53058e-07         237   -0.439777 0.000867505
 5.25405e-07         238   -0.439386 0.000918864
 4.99135e-07         239   -0.444811 0.000923224
 4.74178e-07         240   -0.443732  0.00107851
 4.50469e-07         241   -0.445459 0.000917864
 4.27946e-07         242   -0.445588 0.000988036
 4.06549e-07         243   -0.444169  0.00094788
 3.86221e-07         244   -0.442947 0.000994747
  3.6691e-07         245   -0.443533  0.00113907
 3.48565e-07         246   -0.444826 0.000942745
 3.31136e-07         247   -0.444481  0.00100106
  3.1458e-07         248   -0.445803 0.000994266
 2.98851e-07         249   -0.442445  0.00113028
 2.83908e-07         250   -0.442329  0.00122877
 2.69713e-07         251     -0.4448  0.00112108
 2.56227e-07         252   -0.445135  0.00104239
 2.43416e-07         253     -0.4444 0.000923795
 2.31245e-07         254   -0.443615  0.00112607
 2.19683e-07         255    -0.44451 0.000921757
 2.08699e-07         256   -0.444321  0.00101716
 1.98264e-07         257   -0.445163  0.00107699
  1.8835e-07         258   -0.444027  0.00101928
 1.78933e-07         259   -0.443741 0.000990432
 1.69986e-07         260   -0.444731  0.00117245
 1.61487e-07         261   -0.445477  0.00103877
 1.53413e-07         262   -0.444216  0.00108945
 1.45742e-07         263   -0.445125  0.00100825
 1.38455e-07         264   -0.443629 0.000931115
 1.31532e-07         265   -0.443824 0.000956687
 1.24956e-07         266   -0.443108  0.00145065
 1.18708e-07         267   -0.443377  0.00100889
 1.12772e-07         268   -0.443052  0.00108298
 1.07134e-07         269   -0.442892 0.000997785
 1.01777e-07         270   -0.444611 0.000860305
 9.66882e-08         271   -0.442367  0.00105742
 9.18538e-08         272   -0.442705  0.00113103
 8.72611e-08         273   -0.446377 0.000949958
  8.2898e-08         274   -0.443038  0.00119946
 7.87531e-08         275   -0.444049 0.000915252
 7.48155e-08         276   -0.442782  0.00112468
 7.10747e-08         277   -0.445139 0.000998019
  6.7521e-08         278   -0.444013 0.000956403
 6.41449e-08         279   -0.443701  0.00108485
 6.09377e-08         280   -0.444611  0.00107361
 5.78908e-08         281   -0.442115  0.00100619
 5.49963e-08         282   -0.442679  0.00115169
 5.22464e-08         283   -0.445161  0.00105392
 4.96341e-08         284   -0.445866 0.000871524
 4.71524e-08         285   -0.444978  0.00117903
 4.47948e-08         286   -0.445117   0.0010281
 4.25551e-08         287   -0.443508  0.00103255
 4.04273e-08         288   -0.443925  0.00104757
 3.84059e-08         289   -0.443193  0.00102304
 3.64856e-08         290   -0.444814 0.000994949
 3.46614e-08         291   -0.443281  0.00119637
 3.29283e-08         292   -0.445776  0.00106901
 3.12819e-08         293   -0.443613  0.00110106
 2.97178e-08         294    -0.44397  0.00108261
 2.82319e-08         295   -0.443465  0.00113704
 2.68203e-08         296   -0.443124  0.00115572
 2.54793e-08         297   -0.444986 0.000969588
 2.42053e-08         298   -0.441985  0.00111062
 2.29951e-08         299   -0.444512  0.00102047
 2.18453e-08         300   -0.443512 0.000993903
  2.0753e-08         301   -0.444605  0.00106064
 1.97154e-08         302   -0.445536  0.00101024
 1.87296e-08         303   -0.443298  0.00101169
 1.77931e-08         304   -0.443988  0.00118352
 1.69035e-08         305   -0.444149 0.000948288
 1.60583e-08         306   -0.444109  0.00121108
 1.52554e-08         307   -0.444469   0.0011482
 1.44926e-08         308   -0.443398  0.00100708
  1.3768e-08         309   -0.445101 0.000954054
 1.30796e-08         310   -0.443454  0.00123102
 1.24256e-08         311   -0.443299 0.000867347
 1.18043e-08         312    -0.44179  0.00119881
 1.12141e-08         313   -0.445863 0.000958886
 1.06534e-08         314   -0.441384  0.00114334
 1.01207e-08         315   -0.443436 0.000951611
  9.6147e-09         316   -0.444517  0.00106949
 9.13396e-09         317   -0.445303  0.00125932
 8.67727e-09         318    -0.44413  0.00121689
  8.2434e-09         319   -0.442989  0.00116912
 7.83123e-09         320   -0.444141  0.00103594
 7.43967e-09         321   -0.442949 0.000993221
 7.06769e-09         322     -0.4437 0.000941124
  6.7143e-09         323    -0.44171  0.00116638
 6.37859e-09         324    -0.44336  0.00102835
 6.05966e-09         325   -0.442466  0.00128149
 5.75668e-09         326   -0.443568 0.000959991
 5.46884e-09         327   -0.441525  0.00110835
  5.1954e-09         328   -0.442859  0.00110578
 4.93563e-09         329   -0.443755  0.00103025
 4.68885e-09         330   -0.442964  0.00101591
 4.45441e-09         331   -0.443492 0.000994335
 4.23169e-09         332   -0.445012  0.00118068
  4.0201e-09         333   -0.442445  0.00122458
  3.8191e-09         334    -0.44259   0.0011584
 3.62814e-09         335   -0.442839  0.00110104
 3.44673e-09         336   -0.442077   0.0009729
  3.2744e-09         337     -0.4428  0.00100734
 3.11068e-09         338   -0.442672 0.000960731
 2.95514e-09         339    -0.44149  0.00149258
 2.80739e-09         340   -0.443661 0.000993766
 2.66702e-09         341   -0.441371  0.00117728
 2.53367e-09         342   -0.443978   0.0010651
 2.40698e-09         343   -0.441006  0.00123293
 2.28663e-09         344   -0.442805  0.00102561
  2.1723e-09         345   -0.442467  0.00101817
 2.06369e-09         346   -0.443661  0.00110183
  1.9605e-09         347   -0.442672   0.0011641
 1.86248e-09         348   -0.442654  0.00111052
 1.76935e-09         349   -0.441125  0.00127528
 1.68089e-09         350   -0.439638  0.00143243
 1.59684e-09         351   -0.442278  0.00104093
   1.517e-09         352   -0.442423  0.00114206
 1.44115e-09         353   -0.442884  0.00127115
 1.36909e-09         354   -0.444395  0.00115039
 1.30064e-09         355   -0.445268  0.00112128
 1.23561e-09         356   -0.443404  0.00110403
 1.17383e-09         357   -0.444413  0.00115502
 1.11513e-09         358   -0.441625  0.00102805
 1.05938e-09         359     -0.4444   0.0012379
 1.00641e-09         360   -0.442548  0.00118907
 9.56088e-10         361   -0.443344  0.00119512
 9.08284e-10         362   -0.441347  0.00125473
 8.62869e-10         363   -0.441852  0.00130493
 8.19726e-10         364     -0.4428  0.00104468
  7.7874e-10         365   -0.443622  0.00115512
 7.39803e-10         366   -0.444104 0.000990402
 7.02813e-10         367   -0.443792  0.00113191
 6.67672e-10         368   -0.439593  0.00157068
 6.34288e-10         369   -0.437104  0.00171146
 6.02574e-10         370   -0.438562  0.00169467
 5.72445e-10         371   -0.434896  0.00155412
 5.43823e-10         372   -0.435646  0.00147419
 5.16632e-10         373   -0.435718  0.00176935
   4.908e-10         374   -0.437567  0.00149626
  4.6626e-10         375   -0.437526  0.00152747
 4.42947e-10         376   -0.439267  0.00146139
   4.208e-10         377   -0.438222  0.00200117
  3.9976e-10         378   -0.440699    0.001293
 3.79772e-10         379   -0.438672  0.00166131
 3.60783e-10         380   -0.438331  0.00140223
 3.42744e-10         381   -0.437286  0.00142409
 3.25607e-10         382   -0.437723  0.00149745
 3.09327e-10         383   -0.439572  0.00156592
  2.9386e-10         384    -0.43763  0.00164229
 2.79167e-10         385   -0.439212  0.00142764
 2.65209e-10         386   -0.438416  0.00169117
 2.51948e-10         387    -0.43973  0.00161493
 2.39351e-10         388   -0.440383  0.00181147
 2.27383e-10         389   -0.437124  0.00166561
 2.16014e-10         390   -0.438173  0.00154612
 2.05214e-10         391   -0.438664  0.00176915
 1.94953e-10         392   -0.439755  0.00181195
 1.85205e-10         393   -0.439334  0.00156966
 1.75945e-10         394   -0.438447  0.00159903
 1.67148e-10         395   -0.438049  0.00160184
  1.5879e-10         396   -0.442078   0.0014443
 1.50851e-10         397   -0.444561  0.00122544
 1.43308e-10         398   -0.444278  0.00112708
 1.36143e-10         399   -0.441348  0.00147142
 1.29336e-10         400    -0.44323  0.00115331
 1.22869e-10         401   -0.444036   0.0012952
 1.16725e-10         402   -0.443976  0.00115888
 1.10889e-10         403   -0.443166  0.00152073
 1.05345e-10         404    -0.44483  0.00110068
 1.00078e-10         405   -0.445197  0.00112633
