         0.1           1     1.02697    0.501393
       0.095           2      1.0735    0.530226
     0.09025           3     1.02647    0.526156
   0.0857375           4     1.03413    0.529991
   0.0814506           5     1.03413    0.529991
   0.0773781           6    0.999511    0.568529
   0.0735092           7    0.999511    0.568529
   0.0698337           8    0.990698    0.555328
    0.066342           9    0.990698    0.555328
   0.0630249          10    0.977065     0.53495
   0.0598737          11    0.977065     0.53495
     0.05688          12    0.957549    0.492832
    0.054036          13    0.926964    0.521892
   0.0513342          14    0.898372    0.514155
   0.0487675          15    0.876732     0.55869
   0.0463291          16    0.876732     0.55869
   0.0440127          17    0.827286     0.58496
    0.041812          18    0.857502    0.593846
   0.0397214          19    0.831022    0.610792
   0.0377354          20    0.793951    0.567859
   0.0358486          21    0.790282    0.616483
   0.0340562          22    0.774064    0.625404
   0.0323534          23     0.77152    0.608646
   0.0307357          24    0.781093    0.640725
   0.0291989          25    0.755236    0.614392
    0.027739          26    0.755236    0.614392
    0.026352          27     0.74054    0.588788
   0.0250344          28    0.781508    0.603861
   0.0237827          29    0.831308    0.609423
   0.0225936          30    0.831308    0.609423
   0.0214639          31    0.822316    0.576641
   0.0203907          32    0.801463    0.613321
   0.0193711          33    0.801463    0.613321
   0.0184026          34    0.801463    0.613321
   0.0174825          35    0.801463    0.613321
   0.0166083          36    0.791297    0.574002
   0.0157779          37    0.815258    0.622282
    0.014989          38    0.844335    0.579921
   0.0142396          39    0.844335    0.579921
   0.0135276          40    0.852959    0.589571
   0.0128512          41    0.852959    0.589571
   0.0122087          42    0.856133    0.627346
   0.0115982          43    0.846479    0.642009
   0.0110183          44    0.839184     0.63706
   0.0104674          45    0.863041    0.619967
  0.00994403          46    0.819968    0.650983
  0.00944682          47    0.815186    0.602064
  0.00897448          48    0.815186    0.602064
  0.00852576          49    0.814771    0.635644
  0.00809947          50    0.810001    0.597752
   0.0076945          51    0.810001    0.597752
  0.00730977          52    0.801805    0.623898
  0.00694428          53    0.827559    0.624016
  0.00659707          54    0.789937    0.598227
  0.00626722          55    0.789937    0.598227
  0.00595386          56    0.789937    0.598227
  0.00565616          57    0.789937    0.598227
  0.00537335          58     0.74767    0.633149
  0.00510469          59     0.74767    0.633149
  0.00484945          60     0.74767    0.633149
  0.00460698          61    0.766631    0.626763
  0.00437663          62    0.766631    0.626763
   0.0041578          63    0.766631    0.626763
  0.00394991          64    0.800733    0.637999
  0.00375241          65     0.77278    0.608463
  0.00356479          66    0.752791    0.593418
  0.00338655          67    0.761929    0.583857
  0.00321723          68    0.761929    0.583857
  0.00305636          69    0.761929    0.583857
  0.00290355          70    0.761929    0.583857
  0.00275837          71    0.772276    0.622939
  0.00262045          72    0.772276    0.622939
  0.00248943          73    0.772276    0.622939
  0.00236496          74    0.772276    0.622939
  0.00224671          75    0.782653    0.631414
  0.00213437          76    0.782653    0.631414
  0.00202765          77    0.774332    0.625187
  0.00192627          78    0.774332    0.625187
  0.00182996          79    0.774332    0.625187
  0.00173846          80    0.774332    0.625187
  0.00165154          81    0.774332    0.625187
  0.00156896          82    0.774332    0.625187
  0.00149051          83    0.774332    0.625187
  0.00141599          84    0.774332    0.625187
  0.00134519          85    0.774332    0.625187
  0.00127793          86    0.774332    0.625187
  0.00121403          87    0.816126    0.596079
  0.00115333          88    0.816126    0.596079
  0.00109566          89    0.769729    0.612973
  0.00104088          90    0.769729    0.612973
 0.000988836          91    0.769729    0.612973
 0.000939395          92    0.769729    0.612973
 0.000892425          93    0.794105    0.604039
 0.000847804          94    0.794105    0.604039
 0.000805413          95    0.794105    0.604039
 0.000765143          96    0.794105    0.604039
 0.000726886          97    0.794105    0.604039
 0.000690541          98    0.794105    0.604039
 0.000656014          99    0.794105    0.604039
 0.000623214         100    0.794105    0.604039
 0.000592053         101    0.794105    0.604039
  0.00056245         102    0.794105    0.604039
 0.000534328         103    0.794105    0.604039
 0.000507611         104    0.794105    0.604039
 0.000482231         105    0.815336    0.609742
 0.000458119         106    0.815336    0.609742
 0.000435213         107    0.815336    0.609742
 0.000413453         108    0.815336    0.609742
  0.00039278         109    0.815336    0.609742
 0.000373141         110    0.815336    0.609742
 0.000354484         111    0.815336    0.609742
  0.00033676         112    0.815336    0.609742
 0.000319922         113    0.815336    0.609742
 0.000303926         114    0.815336    0.609742
 0.000288729         115    0.815336    0.609742
 0.000274293         116    0.815336    0.609742
 0.000260578         117    0.815336    0.609742
 0.000247549         118    0.815336    0.609742
 0.000235172         119    0.815336    0.609742
 0.000223413         120    0.815336    0.609742
 0.000212243         121    0.815336    0.609742
 0.000201631         122    0.815336    0.609742
 0.000191549         123    0.815336    0.609742
 0.000181972         124    0.821099    0.614844
 0.000172873         125    0.821099    0.614844
 0.000164229         126    0.821099    0.614844
 0.000156018         127    0.821099    0.614844
 0.000148217         128    0.821099    0.614844
 0.000140806         129    0.821099    0.614844
 0.000133766         130    0.821099    0.614844
 0.000127078         131    0.821099    0.614844
 0.000120724         132    0.821099    0.614844
 0.000114687         133    0.821099    0.614844
 0.000108953         134    0.821099    0.614844
 0.000103505         135    0.821099    0.614844
 9.83302e-05         136    0.799325    0.629228
 9.34136e-05         137    0.799325    0.629228
  8.8743e-05         138    0.799325    0.629228
 8.43058e-05         139    0.822362     0.62086
 8.00905e-05         140    0.822362     0.62086
  7.6086e-05         141    0.822362     0.62086
 7.22817e-05         142    0.791625    0.630024
 6.86676e-05         143    0.791625    0.630024
 6.52342e-05         144    0.791625    0.630024
 6.19725e-05         145    0.791625    0.630024
 5.88739e-05         146    0.791625    0.630024
 5.59302e-05         147    0.791625    0.630024
 5.31337e-05         148    0.791625    0.630024
  5.0477e-05         149    0.791625    0.630024
 4.79532e-05         150    0.814887    0.595706
 4.55555e-05         151    0.814887    0.595706
 4.32777e-05         152    0.814887    0.595706
 4.11138e-05         153    0.814887    0.595706
 3.90581e-05         154    0.814887    0.595706
 3.71052e-05         155     0.81974    0.619042
   3.525e-05         156     0.81974    0.619042
 3.34875e-05         157     0.81974    0.619042
 3.18131e-05         158     0.81974    0.619042
 3.02224e-05         159     0.81974    0.619042
 2.87113e-05         160     0.81974    0.619042
 2.72758e-05         161     0.81974    0.619042
  2.5912e-05         162     0.81974    0.619042
 2.46164e-05         163     0.81974    0.619042
 2.33856e-05         164     0.81974    0.619042
 2.22163e-05         165     0.81974    0.619042
 2.11055e-05         166     0.81974    0.619042
 2.00502e-05         167     0.81974    0.619042
 1.90477e-05         168    0.803854    0.613433
 1.80953e-05         169    0.803854    0.613433
 1.71905e-05         170    0.803854    0.613433
  1.6331e-05         171    0.803854    0.613433
 1.55145e-05         172    0.803854    0.613433
 1.47387e-05         173    0.803854    0.613433
 1.40018e-05         174    0.803854    0.613433
 1.33017e-05         175    0.803854    0.613433
 1.26366e-05         176    0.803854    0.613433
 1.20048e-05         177    0.803854    0.613433
 1.14045e-05         178    0.803854    0.613433
 1.08343e-05         179    0.803854    0.613433
 1.02926e-05         180    0.803854    0.613433
 9.77798e-06         181    0.803854    0.613433
 9.28908e-06         182    0.803854    0.613433
 8.82462e-06         183    0.803854    0.613433
 8.38339e-06         184    0.803854    0.613433
 7.96422e-06         185    0.803854    0.613433
 7.56601e-06         186    0.803854    0.613433
 7.18771e-06         187    0.803854    0.613433
 6.82833e-06         188    0.803854    0.613433
 6.48691e-06         189    0.803854    0.613433
 6.16256e-06         190    0.803854    0.613433
 5.85444e-06         191    0.803854    0.613433
 5.56171e-06         192    0.803854    0.613433
 5.28363e-06         193    0.803854    0.613433
 5.01945e-06         194    0.803854    0.613433
 4.76847e-06         195    0.803854    0.613433
 4.53005e-06         196    0.803854    0.613433
 4.30355e-06         197    0.803854    0.613433
 4.08837e-06         198    0.803854    0.613433
 3.88395e-06         199    0.803854    0.613433
 3.68975e-06         200    0.803854    0.613433
 3.50527e-06         201    0.803854    0.613433
    3.33e-06         202    0.803854    0.613433
  3.1635e-06         203    0.803854    0.613433
 3.00533e-06         204    0.803854    0.613433
 2.85506e-06         205    0.805481    0.602453
 2.71231e-06         206    0.805481    0.602453
 2.57669e-06         207    0.805481    0.602453
 2.44786e-06         208    0.805481    0.602453
 2.32547e-06         209    0.805481    0.602453
 2.20919e-06         210    0.805481    0.602453
 2.09873e-06         211    0.805481    0.602453
  1.9938e-06         212    0.805481    0.602453
 1.89411e-06         213    0.805481    0.602453
  1.7994e-06         214    0.805481    0.602453
 1.70943e-06         215    0.805481    0.602453
 1.62396e-06         216    0.805481    0.602453
 1.54276e-06         217    0.805481    0.602453
 1.46562e-06         218    0.805481    0.602453
 1.39234e-06         219    0.805481    0.602453
 1.32272e-06         220    0.805481    0.602453
 1.25659e-06         221    0.805481    0.602453
 1.19376e-06         222    0.805481    0.602453
 1.13407e-06         223    0.805481    0.602453
 1.07737e-06         224    0.805481    0.602453
  1.0235e-06         225    0.805481    0.602453
 9.72324e-07         226    0.782298     0.62642
 9.23708e-07         227    0.782298     0.62642
 8.77523e-07         228    0.782298     0.62642
 8.33647e-07         229    0.782298     0.62642
 7.91964e-07         230    0.782298     0.62642
 7.52366e-07         231    0.782298     0.62642
 7.14748e-07         232    0.782298     0.62642
  6.7901e-07         233    0.782298     0.62642
  6.4506e-07         234    0.782298     0.62642
 6.12807e-07         235    0.773459      0.6031
 5.82167e-07         236    0.773459      0.6031
 5.53058e-07         237    0.773459      0.6031
 5.25405e-07         238    0.773459      0.6031
 4.99135e-07         239    0.795615    0.609422
 4.74178e-07         240    0.795615    0.609422
 4.50469e-07         241    0.795615    0.609422
 4.27946e-07         242    0.795615    0.609422
 4.06549e-07         243    0.795615    0.609422
 3.86221e-07         244    0.795615    0.609422
  3.6691e-07         245    0.795615    0.609422
 3.48565e-07         246    0.795615    0.609422
 3.31136e-07         247    0.795615    0.609422
  3.1458e-07         248    0.795615    0.609422
 2.98851e-07         249    0.795615    0.609422
 2.83908e-07         250    0.795615    0.609422
 2.69713e-07         251    0.795615    0.609422
 2.56227e-07         252    0.795615    0.609422
 2.43416e-07         253    0.795615    0.609422
 2.31245e-07         254    0.795615    0.609422
 2.19683e-07         255    0.795615    0.609422
 2.08699e-07         256    0.795615    0.609422
 1.98264e-07         257    0.795615    0.609422
  1.8835e-07         258    0.795615    0.609422
 1.78933e-07         259    0.795615    0.609422
 1.69986e-07         260    0.795615    0.609422
 1.61487e-07         261    0.795615    0.609422
 1.53413e-07         262    0.795615    0.609422
 1.45742e-07         263    0.795615    0.609422
 1.38455e-07         264    0.795615    0.609422
 1.31532e-07         265    0.795615    0.609422
 1.24956e-07         266    0.795615    0.609422
 1.18708e-07         267    0.795615    0.609422
 1.12772e-07         268    0.795615    0.609422
 1.07134e-07         269    0.795615    0.609422
 1.01777e-07         270    0.795615    0.609422
 9.66882e-08         271    0.795615    0.609422
 9.18538e-08         272    0.795615    0.609422
 8.72611e-08         273    0.795615    0.609422
  8.2898e-08         274    0.795615    0.609422
 7.87531e-08         275    0.795615    0.609422
 7.48155e-08         276    0.795615    0.609422
 7.10747e-08         277    0.795615    0.609422
  6.7521e-08         278    0.795615    0.609422
 6.41449e-08         279    0.795615    0.609422
 6.09377e-08         280    0.795615    0.609422
 5.78908e-08         281    0.795615    0.609422
 5.49963e-08         282    0.795615    0.609422
 5.22464e-08         283    0.795615    0.609422
 4.96341e-08         284    0.795615    0.609422
 4.71524e-08         285    0.795615    0.609422
 4.47948e-08         286    0.795615    0.609422
 4.25551e-08         287    0.795615    0.609422
 4.04273e-08         288    0.795615    0.609422
 3.84059e-08         289    0.795615    0.609422
 3.64856e-08         290    0.795615    0.609422
 3.46614e-08         291    0.795615    0.609422
 3.29283e-08         292    0.795615    0.609422
 3.12819e-08         293    0.795615    0.609422
 2.97178e-08         294    0.795615    0.609422
 2.82319e-08         295    0.795615    0.609422
 2.68203e-08         296    0.795615    0.609422
 2.54793e-08         297    0.795615    0.609422
 2.42053e-08         298    0.795615    0.609422
 2.29951e-08         299    0.795615    0.609422
 2.18453e-08         300    0.795615    0.609422
  2.0753e-08         301    0.795615    0.609422
 1.97154e-08         302    0.795615    0.609422
 1.87296e-08         303    0.795615    0.609422
 1.77931e-08         304    0.795615    0.609422
 1.69035e-08         305    0.795615    0.609422
 1.60583e-08         306    0.795615    0.609422
 1.52554e-08         307    0.795615    0.609422
 1.44926e-08         308    0.795615    0.609422
  1.3768e-08         309    0.795615    0.609422
 1.30796e-08         310    0.795615    0.609422
 1.24256e-08         311    0.795615    0.609422
 1.18043e-08         312    0.795615    0.609422
 1.12141e-08         313    0.795615    0.609422
 1.06534e-08         314    0.795615    0.609422
 1.01207e-08         315    0.795615    0.609422
  9.6147e-09         316    0.795615    0.609422
 9.13396e-09         317    0.795615    0.609422
 8.67727e-09         318    0.795615    0.609422
  8.2434e-09         319    0.795615    0.609422
 7.83123e-09         320    0.795615    0.609422
 7.43967e-09         321    0.780104    0.617363
 7.06769e-09         322    0.780104    0.617363
  6.7143e-09         323    0.780104    0.617363
 6.37859e-09         324    0.780104    0.617363
 6.05966e-09         325    0.780104    0.617363
 5.75668e-09         326    0.780104    0.617363
 5.46884e-09         327    0.780104    0.617363
  5.1954e-09         328    0.780104    0.617363
 4.93563e-09         329    0.780104    0.617363
 4.68885e-09         330    0.780104    0.617363
 4.45441e-09         331    0.780104    0.617363
 4.23169e-09         332    0.780104    0.617363
  4.0201e-09         333    0.780104    0.617363
  3.8191e-09         334    0.780104    0.617363
 3.62814e-09         335    0.780104    0.617363
 3.44673e-09         336    0.780104    0.617363
  3.2744e-09         337    0.780104    0.617363
 3.11068e-09         338    0.780104    0.617363
 2.95514e-09         339    0.780104    0.617363
 2.80739e-09         340    0.780104    0.617363
 2.66702e-09         341    0.780104    0.617363
 2.53367e-09         342    0.780104    0.617363
 2.40698e-09         343    0.780104    0.617363
 2.28663e-09         344    0.780104    0.617363
  2.1723e-09         345    0.780104    0.617363
 2.06369e-09         346     0.78228    0.626361
  1.9605e-09         347     0.78228    0.626361
 1.86248e-09         348     0.78228    0.626361
 1.76935e-09         349     0.78228    0.626361
 1.68089e-09         350     0.78228    0.626361
 1.59684e-09         351     0.78228    0.626361
   1.517e-09         352     0.78228    0.626361
 1.44115e-09         353     0.78228    0.626361
 1.36909e-09         354     0.78228    0.626361
 1.30064e-09         355     0.78228    0.626361
 1.23561e-09         356     0.78228    0.626361
 1.17383e-09         357     0.78228    0.626361
 1.11513e-09         358     0.78228    0.626361
 1.05938e-09         359     0.78228    0.626361
 1.00641e-09         360     0.78228    0.626361
 9.56088e-10         361     0.78228    0.626361
 9.08284e-10         362     0.78228    0.626361
 8.62869e-10         363     0.78228    0.626361
 8.19726e-10         364     0.78228    0.626361
  7.7874e-10         365     0.78228    0.626361
 7.39803e-10         366     0.78228    0.626361
 7.02813e-10         367     0.78228    0.626361
 6.67672e-10         368    0.785538    0.646993
 6.34288e-10         369    0.785538    0.646993
 6.02574e-10         370    0.785538    0.646993
 5.72445e-10         371    0.785538    0.646993
 5.43823e-10         372    0.785538    0.646993
 5.16632e-10         373    0.785538    0.646993
   4.908e-10         374    0.785538    0.646993
  4.6626e-10         375    0.785538    0.646993
 4.42947e-10         376    0.785538    0.646993
   4.208e-10         377    0.788892    0.644171
  3.9976e-10         378     0.83235     0.62923
 3.79772e-10         379     0.83235     0.62923
 3.60783e-10         380     0.83235     0.62923
 3.42744e-10         381     0.83235     0.62923
 3.25607e-10         382     0.83235     0.62923
 3.09327e-10         383     0.83235     0.62923
  2.9386e-10         384     0.83235     0.62923
 2.79167e-10         385     0.83235     0.62923
 2.65209e-10         386     0.83235     0.62923
 2.51948e-10         387     0.83235     0.62923
 2.39351e-10         388     0.83235     0.62923
 2.27383e-10         389     0.83235     0.62923
 2.16014e-10         390     0.83235     0.62923
 2.05214e-10         391     0.83235     0.62923
 1.94953e-10         392     0.83235     0.62923
 1.85205e-10         393     0.83235     0.62923
 1.75945e-10         394     0.83235     0.62923
 1.67148e-10         395     0.83235     0.62923
  1.5879e-10         396     0.83235     0.62923
 1.50851e-10         397    0.811562    0.615205
 1.43308e-10         398    0.811562    0.615205
 1.36143e-10         399    0.811562    0.615205
 1.29336e-10         400    0.811562    0.615205
 1.22869e-10         401    0.811562    0.615205
 1.16725e-10         402    0.811562    0.615205
 1.10889e-10         403    0.811562    0.615205
 1.05345e-10         404    0.811562    0.615205
 1.00078e-10         405    0.811562    0.615205
